[0116/150352.435:ERROR:settings.cc(319)] Settings magic is not 1129342067
[0513/174045.807:ERROR:process_reader_win.cc(151)] SuspendThread: Access is denied. (0x5)
[0513/174045.807:ERROR:process_reader_win.cc(151)] SuspendThread: Access is denied. (0x5)
[0513/174045.807:ERROR:process_reader_win.cc(151)] SuspendThread: Access is denied. (0x5)
[0513/174045.807:ERROR:process_reader_win.cc(151)] SuspendThread: Access is denied. (0x5)
[0513/174045.807:ERROR:process_reader_win.cc(151)] SuspendThread: Access is denied. (0x5)
[0513/174045.807:ERROR:process_reader_win.cc(151)] SuspendThread: Access is denied. (0x5)
[0513/174045.807:ERROR:process_reader_win.cc(151)] SuspendThread: Access is denied. (0x5)
[0513/174045.807:ERROR:process_reader_win.cc(151)] SuspendThread: Access is denied. (0x5)
[0513/174045.807:ERROR:process_reader_win.cc(151)] SuspendThread: Access is denied. (0x5)
[0513/174045.807:ERROR:process_reader_win.cc(151)] SuspendThread: Access is denied. (0x5)
[0513/174045.807:ERROR:process_reader_win.cc(151)] SuspendThread: Access is denied. (0x5)
[0513/174045.807:ERROR:process_reader_win.cc(151)] SuspendThread: Access is denied. (0x5)
[0513/174045.807:ERROR:process_reader_win.cc(151)] SuspendThread: Access is denied. (0x5)
[0513/174045.807:ERROR:process_reader_win.cc(123)] NtOpenThread: {Access Denied} A process has requested access to an object, but has not been granted those access rights. (0xc0000022)
[0513/174045.807:ERROR:exception_snapshot_win.cc(98)] thread ID 13836 not found in process
[0520/150237.575:ERROR:process_memory_win.cc(73)] ReadMemory at 0x2f2da024f60 of 72 bytes failed: Only part of a ReadProcessMemory or WriteProcessMemory request was completed. (0x12B)
[0520/150237.580:WARNING:pe_image_annotations_reader.cc(134)] could not read annotations list object in C:\Program Files (x86)\Google\Chrome\Application\81.0.4044.138\chrome_elf.dll
[0520/150237.580:ERROR:process_memory_win.cc(73)] ReadMemory at 0x2f2d9ee0000 of 64 bytes failed: Only part of a ReadProcessMemory or WriteProcessMemory request was completed. (0x12B)
[0520/150237.580:WARNING:pe_image_reader.cc(340)] could not read dos header from C:\WINDOWS\System32\ADVAPI32.dll
[0520/150237.581:ERROR:process_memory_win.cc(73)] ReadMemory at 0x2f2da3d5690 of 72 bytes failed: Only part of a ReadProcessMemory or WriteProcessMemory request was completed. (0x12B)
[0520/150237.581:WARNING:pe_image_annotations_reader.cc(134)] could not read annotations list object in C:\Program Files (x86)\Google\Chrome\Application\81.0.4044.138\chrome.dll
[0520/150237.583:ERROR:process_memory_win.cc(73)] ReadMemory at 0x7ff81ac70000 of 64 bytes failed: Only part of a ReadProcessMemory or WriteProcessMemory request was completed. (0x12B)
[0520/150237.583:WARNING:pe_image_reader.cc(340)] could not read dos header from C:\WINDOWS\SYSTEM32\CRYPTBASE.DLL
[0520/150237.583:ERROR:process_memory_win.cc(73)] ReadMemory at 0x7ff77a300000 of 64 bytes failed: Only part of a ReadProcessMemory or WriteProcessMemory request was completed. (0x12B)
[0520/150237.583:WARNING:pe_image_reader.cc(340)] could not read dos header from C:\Program Files (x86)\Google\Chrome\Application\chrome.exe
[0520/150237.583:ERROR:process_memory_win.cc(73)] ReadMemory at 0x7ff81b350000 of 64 bytes failed: Only part of a ReadProcessMemory or WriteProcessMemory request was completed. (0x12B)
[0520/150237.583:WARNING:pe_image_reader.cc(340)] could not read dos header from C:\WINDOWS\System32\KERNELBASE.dll
[0520/150237.583:ERROR:process_memory_win.cc(73)] ReadMemory at 0x2f2da024f60 of 72 bytes failed: Only part of a ReadProcessMemory or WriteProcessMemory request was completed. (0x12B)
[0520/150237.583:WARNING:pe_image_annotations_reader.cc(134)] could not read annotations list object in C:\Program Files (x86)\Google\Chrome\Application\81.0.4044.138\chrome_elf.dll
[0520/150237.584:ERROR:process_memory_win.cc(73)] ReadMemory at 0x7ff810b20000 of 64 bytes failed: Only part of a ReadProcessMemory or WriteProcessMemory request was completed. (0x12B)
[0520/150237.584:WARNING:pe_image_reader.cc(340)] could not read dos header from C:\WINDOWS\SYSTEM32\VERSION.dll
[0520/150237.584:ERROR:process_memory_win.cc(73)] ReadMemory at 0x7ff81b860000 of 64 bytes failed: Only part of a ReadProcessMemory or WriteProcessMemory request was completed. (0x12B)
[0520/150237.584:WARNING:pe_image_reader.cc(340)] could not read dos header from C:\WINDOWS\System32\bcryptPrimitives.dll
[0520/150237.584:ERROR:process_memory_win.cc(73)] ReadMemory at 0x2f2d9ee0000 of 64 bytes failed: Only part of a ReadProcessMemory or WriteProcessMemory request was completed. (0x12B)
[0520/150237.584:WARNING:pe_image_reader.cc(340)] could not read dos header from C:\WINDOWS\System32\ADVAPI32.dll
[0520/150237.584:ERROR:process_memory_win.cc(73)] ReadMemory at 0x2f2da3d5690 of 72 bytes failed: Only part of a ReadProcessMemory or WriteProcessMemory request was completed. (0x12B)
[0520/150237.584:WARNING:pe_image_annotations_reader.cc(134)] could not read annotations list object in C:\Program Files (x86)\Google\Chrome\Application\81.0.4044.138\chrome.dll
[0520/150237.585:ERROR:process_memory_win.cc(73)] ReadMemory at 0x7ff81d2c0000 of 64 bytes failed: Only part of a ReadProcessMemory or WriteProcessMemory request was completed. (0x12B)
[0520/150237.585:WARNING:pe_image_reader.cc(340)] could not read dos header from C:\WINDOWS\System32\WS2_32.dll
[0520/150237.585:ERROR:process_memory_win.cc(73)] ReadMemory at 0x7ff81b8e0000 of 64 bytes failed: Only part of a ReadProcessMemory or WriteProcessMemory request was completed. (0x12B)
[0520/150237.585:WARNING:pe_image_reader.cc(340)] could not read dos header from C:\WINDOWS\System32\msvcp_win.dll
[0520/150237.585:ERROR:process_memory_win.cc(73)] ReadMemory at 0x7ff81baa0000 of 64 bytes failed: Only part of a ReadProcessMemory or WriteProcessMemory request was completed. (0x12B)
[0520/150237.585:WARNING:pe_image_reader.cc(340)] could not read dos header from C:\WINDOWS\System32\ucrtbase.dll
[0520/150237.585:ERROR:process_memory_win.cc(73)] ReadMemory at 0x7ff81e9c0000 of 64 bytes failed: Only part of a ReadProcessMemory or WriteProcessMemory request was completed. (0x12B)
[0520/150237.585:WARNING:pe_image_reader.cc(340)] could not read dos header from C:\WINDOWS\System32\combase.dll
[0520/150237.585:ERROR:process_memory_win.cc(73)] ReadMemory at 0x7ff81b5f0000 of 64 bytes failed: Only part of a ReadProcessMemory or WriteProcessMemory request was completed. (0x12B)
[0520/150237.585:WARNING:pe_image_reader.cc(340)] could not read dos header from C:\WINDOWS\System32\WINTRUST.dll
[0520/150237.585:ERROR:process_memory_win.cc(73)] ReadMemory at 0x7ff81b280000 of 64 bytes failed: Only part of a ReadProcessMemory or WriteProcessMemory request was completed. (0x12B)
[0520/150237.586:WARNING:pe_image_reader.cc(340)] could not read dos header from C:\WINDOWS\System32\MSASN1.dll
[0520/150237.586:ERROR:process_memory_win.cc(73)] ReadMemory at 0x7ff81b680000 of 64 bytes failed: Only part of a ReadProcessMemory or WriteProcessMemory request was completed. (0x12B)
[0520/150237.586:WARNING:pe_image_reader.cc(340)] could not read dos header from C:\WINDOWS\System32\CRYPT32.dll
[0520/150237.586:ERROR:process_memory_win.cc(73)] ReadMemory at 0x7ff81a770000 of 64 bytes failed: Only part of a ReadProcessMemory or WriteProcessMemory request was completed. (0x12B)
[0520/150237.586:WARNING:pe_image_reader.cc(340)] could not read dos header from C:\WINDOWS\SYSTEM32\IPHLPAPI.DLL
[0520/150237.586:ERROR:process_memory_win.cc(73)] ReadMemory at 0x7ff818f80000 of 64 bytes failed: Only part of a ReadProcessMemory or WriteProcessMemory request was completed. (0x12B)
[0520/150237.586:WARNING:pe_image_reader.cc(340)] could not read dos header from C:\WINDOWS\SYSTEM32\WINMM.dll
[0520/150237.586:ERROR:process_memory_win.cc(73)] ReadMemory at 0x7ff80a8a0000 of 64 bytes failed: Only part of a ReadProcessMemory or WriteProcessMemory request was completed. (0x12B)
[0520/150237.586:WARNING:pe_image_reader.cc(340)] could not read dos header from C:\WINDOWS\SYSTEM32\Secur32.dll
[0520/150237.586:ERROR:process_memory_win.cc(73)] ReadMemory at 0x7ff81b1b0000 of 64 bytes failed: Only part of a ReadProcessMemory or WriteProcessMemory request was completed. (0x12B)
[0520/150237.586:WARNING:pe_image_reader.cc(340)] could not read dos header from C:\WINDOWS\SYSTEM32\USERENV.dll
[0520/150237.586:ERROR:process_memory_win.cc(73)] ReadMemory at 0x7ff81b320000 of 64 bytes failed: Only part of a ReadProcessMemory or WriteProcessMemory request was completed. (0x12B)
[0520/150237.586:WARNING:pe_image_reader.cc(340)] could not read dos header from C:\WINDOWS\System32\profapi.dll
[0520/150237.587:ERROR:process_memory_win.cc(73)] ReadMemory at 0x7ff80dc40000 of 64 bytes failed: Only part of a ReadProcessMemory or WriteProcessMemory request was completed. (0x12B)
[0520/150237.587:WARNING:pe_image_reader.cc(340)] could not read dos header from C:\WINDOWS\SYSTEM32\DWrite.dll
[0520/150237.587:ERROR:process_memory_win.cc(73)] ReadMemory at 0x7ff80ba00000 of 64 bytes failed: Only part of a ReadProcessMemory or WriteProcessMemory request was completed. (0x12B)
[0520/150237.587:WARNING:pe_image_reader.cc(340)] could not read dos header from C:\WINDOWS\SYSTEM32\WINSPOOL.DRV
[0520/150237.587:ERROR:process_memory_win.cc(73)] ReadMemory at 0x7ff81b2a0000 of 64 bytes failed: Only part of a ReadProcessMemory or WriteProcessMemory request was completed. (0x12B)
[0520/150237.587:WARNING:pe_image_reader.cc(340)] could not read dos header from C:\WINDOWS\System32\kernel.appcore.dll
[0520/150237.587:ERROR:process_memory_win.cc(73)] ReadMemory at 0x7ff81b650000 of 64 bytes failed: Only part of a ReadProcessMemory or WriteProcessMemory request was completed. (0x12B)
[0520/150237.587:WARNING:pe_image_reader.cc(340)] could not read dos header from C:\WINDOWS\System32\bcrypt.dll
[0520/150237.587:ERROR:process_memory_win.cc(73)] ReadMemory at 0x7ff819ba0000 of 64 bytes failed: Only part of a ReadProcessMemory or WriteProcessMemory request was completed. (0x12B)
[0520/150237.587:WARNING:pe_image_reader.cc(340)] could not read dos header from C:\WINDOWS\SYSTEM32\dbghelp.dll
[0520/150237.587:ERROR:process_memory_win.cc(73)] ReadMemory at 0x7ff810e60000 of 64 bytes failed: Only part of a ReadProcessMemory or WriteProcessMemory request was completed. (0x12B)
[0520/150237.587:WARNING:pe_image_reader.cc(340)] could not read dos header from C:\WINDOWS\SYSTEM32\WINHTTP.dll
[0520/150237.587:ERROR:process_memory_win.cc(73)] ReadMemory at 0x7ff80fd40000 of 64 bytes failed: Only part of a ReadProcessMemory or WriteProcessMemory request was completed. (0x12B)
[0520/150237.588:WARNING:pe_image_reader.cc(340)] could not read dos header from C:\WINDOWS\SYSTEM32\dhcpcsvc.DLL
[0520/150237.588:ERROR:process_memory_win.cc(73)] ReadMemory at 0x7ff81ed50000 of 64 bytes failed: Only part of a ReadProcessMemory or WriteProcessMemory request was completed. (0x12B)
[0520/150237.588:WARNING:pe_image_reader.cc(340)] could not read dos header from C:\WINDOWS\System32\NSI.dll
[0520/150237.588:ERROR:process_memory_win.cc(73)] ReadMemory at 0x7ff818f50000 of 64 bytes failed: Only part of a ReadProcessMemory or WriteProcessMemory request was completed. (0x12B)
[0520/150237.588:WARNING:pe_image_reader.cc(340)] could not read dos header from C:\WINDOWS\SYSTEM32\WINMMBASE.dll
[0520/150237.588:ERROR:process_memory_win.cc(73)] ReadMemory at 0x7ff81ba50000 of 64 bytes failed: Only part of a ReadProcessMemory or WriteProcessMemory request was completed. (0x12B)
[0520/150237.588:WARNING:pe_image_reader.cc(340)] could not read dos header from C:\WINDOWS\System32\cfgmgr32.dll
[0520/150237.588:ERROR:process_memory_win.cc(73)] ReadMemory at 0x7ff8105e0000 of 64 bytes failed: Only part of a ReadProcessMemory or WriteProcessMemory request was completed. (0x12B)
[0520/150237.588:WARNING:pe_image_reader.cc(340)] could not read dos header from C:\WINDOWS\SYSTEM32\Bcp47Langs.dll
[0520/150237.588:ERROR:process_memory_win.cc(73)] ReadMemory at 0x7ff817930000 of 64 bytes failed: Only part of a ReadProcessMemory or WriteProcessMemory request was completed. (0x12B)
[0520/150237.588:WARNING:pe_image_reader.cc(340)] could not read dos header from C:\WINDOWS\SYSTEM32\PROPSYS.dll
[0520/150237.588:ERROR:process_memory_win.cc(73)] ReadMemory at 0x7ff81c910000 of 64 bytes failed: Only part of a ReadProcessMemory or WriteProcessMemory request was completed. (0x12B)
[0520/150237.588:WARNING:pe_image_reader.cc(340)] could not read dos header from C:\WINDOWS\System32\shcore.dll
[0520/150237.588:ERROR:process_memory_win.cc(73)] ReadMemory at 0x7ff81b180000 of 64 bytes failed: Only part of a ReadProcessMemory or WriteProcessMemory request was completed. (0x12B)
[0520/150237.588:WARNING:pe_image_reader.cc(340)] could not read dos header from C:\WINDOWS\SYSTEM32\SSPICLI.DLL
[0520/150237.589:ERROR:process_memory_win.cc(73)] ReadMemory at 0x7ff81d390000 of 64 bytes failed: Only part of a ReadProcessMemory or WriteProcessMemory request was completed. (0x12B)
[0520/150237.589:WARNING:pe_image_reader.cc(340)] could not read dos header from C:\WINDOWS\System32\SHELL32.dll
[0520/150237.589:ERROR:process_memory_win.cc(73)] ReadMemory at 0x7ff81bd60000 of 64 bytes failed: Only part of a ReadProcessMemory or WriteProcessMemory request was completed. (0x12B)
[0520/150237.589:WARNING:pe_image_reader.cc(340)] could not read dos header from C:\WINDOWS\System32\windows.storage.dll
[0520/150237.589:ERROR:process_memory_win.cc(73)] ReadMemory at 0x7ff81b2c0000 of 64 bytes failed: Only part of a ReadProcessMemory or WriteProcessMemory request was completed. (0x12B)
[0520/150237.589:WARNING:pe_image_reader.cc(340)] could not read dos header from C:\WINDOWS\System32\powrprof.dll
[0520/150237.589:ERROR:process_memory_win.cc(73)] ReadMemory at 0x7ff81d330000 of 64 bytes failed: Only part of a ReadProcessMemory or WriteProcessMemory request was completed. (0x12B)
[0520/150237.589:WARNING:pe_image_reader.cc(340)] could not read dos header from C:\WINDOWS\System32\shlwapi.dll
[0520/150237.589:ERROR:process_memory_win.cc(73)] ReadMemory at 0x7ff81c9c0000 of 64 bytes failed: Only part of a ReadProcessMemory or WriteProcessMemory request was completed. (0x12B)
[0520/150237.589:WARNING:pe_image_reader.cc(340)] could not read dos header from C:\WINDOWS\System32\GDI32.dll
[0520/150237.590:ERROR:process_memory_win.cc(73)] ReadMemory at 0x7ff81bbc0000 of 64 bytes failed: Only part of a ReadProcessMemory or WriteProcessMemory request was completed. (0x12B)
[0520/150237.590:WARNING:pe_image_reader.cc(340)] could not read dos header from C:\WINDOWS\System32\gdi32full.dll
[0520/150237.590:ERROR:process_memory_win.cc(73)] ReadMemory at 0x7ff81cbb0000 of 64 bytes failed: Only part of a ReadProcessMemory or WriteProcessMemory request was completed. (0x12B)
[0520/150237.590:WARNING:pe_image_reader.cc(340)] could not read dos header from C:\WINDOWS\System32\USER32.dll
[0520/150237.591:ERROR:process_memory_win.cc(73)] ReadMemory at 0x7ff81bba0000 of 64 bytes failed: Only part of a ReadProcessMemory or WriteProcessMemory request was completed. (0x12B)
[0520/150237.591:WARNING:pe_image_reader.cc(340)] could not read dos header from C:\WINDOWS\System32\win32u.dll
[0520/150237.592:ERROR:process_memory_win.cc(73)] ReadMemory at 0x7ff81ba30000 of 64 bytes failed: Only part of a ReadProcessMemory or WriteProcessMemory request was completed. (0x12B)
[0520/150237.592:WARNING:pe_image_reader.cc(340)] could not read dos header from C:\WINDOWS\System32\cryptsp.dll
[0520/150237.592:ERROR:process_memory_win.cc(73)] ReadMemory at 0x7ff81cb80000 of 64 bytes failed: Only part of a ReadProcessMemory or WriteProcessMemory request was completed. (0x12B)
[0520/150237.592:WARNING:pe_image_reader.cc(340)] could not read dos header from C:\WINDOWS\System32\IMM32.DLL
[0520/150237.592:ERROR:process_memory_win.cc(73)] ReadMemory at 0x7ff81ac70000 of 64 bytes failed: Only part of a ReadProcessMemory or WriteProcessMemory request was completed. (0x12B)
[0520/150237.592:WARNING:pe_image_reader.cc(340)] could not read dos header from C:\WINDOWS\SYSTEM32\CRYPTBASE.DLL
[0520/150237.618:ERROR:process_memory_win.cc(73)] ReadMemory at 0xfa4a1f9000 of 28672 bytes failed: Only part of a ReadProcessMemory or WriteProcessMemory request was completed. (0x12B)
[0520/150237.618:ERROR:process_memory_win.cc(73)] ReadMemory at 0xfa4a9fd000 of 12288 bytes failed: Only part of a ReadProcessMemory or WriteProcessMemory request was completed. (0x12B)
[0520/150237.618:ERROR:process_memory_win.cc(73)] ReadMemory at 0xfa4b1fd000 of 12288 bytes failed: Only part of a ReadProcessMemory or WriteProcessMemory request was completed. (0x12B)
[0520/150237.618:ERROR:process_memory_win.cc(73)] ReadMemory at 0xfa4b9fd000 of 12288 bytes failed: Only part of a ReadProcessMemory or WriteProcessMemory request was completed. (0x12B)
[0520/150237.619:ERROR:process_memory_win.cc(73)] ReadMemory at 0xfa4c1fb000 of 20480 bytes failed: Only part of a ReadProcessMemory or WriteProcessMemory request was completed. (0x12B)
[0520/150237.619:ERROR:process_memory_win.cc(73)] ReadMemory at 0xfa4c9fe000 of 8192 bytes failed: Only part of a ReadProcessMemory or WriteProcessMemory request was completed. (0x12B)
[0520/150237.619:ERROR:process_memory_win.cc(73)] ReadMemory at 0xfa4d1fd000 of 12288 bytes failed: Only part of a ReadProcessMemory or WriteProcessMemory request was completed. (0x12B)
[0520/150237.619:ERROR:process_memory_win.cc(73)] ReadMemory at 0xfa4d9fd000 of 12288 bytes failed: Only part of a ReadProcessMemory or WriteProcessMemory request was completed. (0x12B)
[0520/150237.619:ERROR:process_memory_win.cc(73)] ReadMemory at 0xfa4e1fd000 of 12288 bytes failed: Only part of a ReadProcessMemory or WriteProcessMemory request was completed. (0x12B)
[0520/150237.619:ERROR:process_memory_win.cc(73)] ReadMemory at 0xfa4e9fd000 of 12288 bytes failed: Only part of a ReadProcessMemory or WriteProcessMemory request was completed. (0x12B)
[0520/150237.620:ERROR:process_memory_win.cc(73)] ReadMemory at 0xfa4f1fd000 of 12288 bytes failed: Only part of a ReadProcessMemory or WriteProcessMemory request was completed. (0x12B)
[0520/150237.620:ERROR:process_memory_win.cc(73)] ReadMemory at 0xfa4f9ff000 of 4096 bytes failed: Only part of a ReadProcessMemory or WriteProcessMemory request was completed. (0x12B)
[0520/150237.620:ERROR:process_memory_win.cc(73)] ReadMemory at 0xfa501ff000 of 4096 bytes failed: Only part of a ReadProcessMemory or WriteProcessMemory request was completed. (0x12B)
[0520/150237.620:ERROR:process_memory_win.cc(73)] ReadMemory at 0xfa49898000 of 852 bytes failed: Only part of a ReadProcessMemory or WriteProcessMemory request was completed. (0x12B)
[0520/150237.620:ERROR:process_memory_win.cc(73)] ReadMemory at 0xfa49899000 of 6024 bytes failed: Only part of a ReadProcessMemory or WriteProcessMemory request was completed. (0x12B)
[0520/150237.620:ERROR:process_memory_win.cc(73)] ReadMemory at 0xfa4989b000 of 6024 bytes failed: Only part of a ReadProcessMemory or WriteProcessMemory request was completed. (0x12B)
[0520/150237.621:ERROR:process_memory_win.cc(73)] ReadMemory at 0xfa4989d000 of 6024 bytes failed: Only part of a ReadProcessMemory or WriteProcessMemory request was completed. (0x12B)
[0520/150237.621:ERROR:process_memory_win.cc(73)] ReadMemory at 0xfa4989f000 of 6024 bytes failed: Only part of a ReadProcessMemory or WriteProcessMemory request was completed. (0x12B)
[0520/150237.621:ERROR:process_memory_win.cc(73)] ReadMemory at 0xfa498a1000 of 6024 bytes failed: Only part of a ReadProcessMemory or WriteProcessMemory request was completed. (0x12B)
[0520/150237.622:ERROR:process_memory_win.cc(73)] ReadMemory at 0xfa498a3000 of 6024 bytes failed: Only part of a ReadProcessMemory or WriteProcessMemory request was completed. (0x12B)
[0520/150237.622:ERROR:process_memory_win.cc(73)] ReadMemory at 0xfa498a5000 of 6024 bytes failed: Only part of a ReadProcessMemory or WriteProcessMemory request was completed. (0x12B)
[0520/150237.622:ERROR:process_memory_win.cc(73)] ReadMemory at 0xfa498a7000 of 6024 bytes failed: Only part of a ReadProcessMemory or WriteProcessMemory request was completed. (0x12B)
[0520/150237.622:ERROR:process_memory_win.cc(73)] ReadMemory at 0xfa498a9000 of 6024 bytes failed: Only part of a ReadProcessMemory or WriteProcessMemory request was completed. (0x12B)
[0520/150237.623:ERROR:process_memory_win.cc(73)] ReadMemory at 0xfa498ab000 of 6024 bytes failed: Only part of a ReadProcessMemory or WriteProcessMemory request was completed. (0x12B)
[0520/150237.623:ERROR:process_memory_win.cc(73)] ReadMemory at 0xfa498ad000 of 6024 bytes failed: Only part of a ReadProcessMemory or WriteProcessMemory request was completed. (0x12B)
[0520/150237.626:ERROR:process_memory_win.cc(73)] ReadMemory at 0xfa498af000 of 6024 bytes failed: Only part of a ReadProcessMemory or WriteProcessMemory request was completed. (0x12B)
[0520/150237.627:ERROR:process_memory_win.cc(73)] ReadMemory at 0xfa498b1000 of 6024 bytes failed: Only part of a ReadProcessMemory or WriteProcessMemory request was completed. (0x12B)
[0520/150237.627:ERROR:process_memory_win.cc(73)] ReadMemory at 0x2f2d9bf81f4 of 512 bytes failed: Only part of a ReadProcessMemory or WriteProcessMemory request was completed. (0x12B)
[0520/150237.627:ERROR:process_memory_win.cc(73)] ReadMemory at 0x2f2d9c60fe0 of 4998 bytes failed: Only part of a ReadProcessMemory or WriteProcessMemory request was completed. (0x12B)
[0520/150237.628:ERROR:process_memory_win.cc(73)] ReadMemory at 0x2f2d9c62370 of 1012 bytes failed: Only part of a ReadProcessMemory or WriteProcessMemory request was completed. (0x12B)
[0520/150237.628:ERROR:process_memory_win.cc(73)] ReadMemory at 0x2f2d9c62998 of 118 bytes failed: Only part of a ReadProcessMemory or WriteProcessMemory request was completed. (0x12B)
[0520/150237.628:ERROR:process_memory_win.cc(73)] ReadMemory at 0x2f2d9c62a10 of 1206 bytes failed: Only part of a ReadProcessMemory or WriteProcessMemory request was completed. (0x12B)
[0520/150237.628:ERROR:process_memory_win.cc(73)] ReadMemory at 0x2f2d9c62ec8 of 118 bytes failed: Only part of a ReadProcessMemory or WriteProcessMemory request was completed. (0x12B)
[0520/150237.628:ERROR:process_memory_win.cc(73)] ReadMemory at 0x2f2d9c62f40 of 96 bytes failed: Only part of a ReadProcessMemory or WriteProcessMemory request was completed. (0x12B)
[0520/150237.628:ERROR:process_memory_win.cc(73)] ReadMemory at 0x2f2d9c62fb0 of 58 bytes failed: Only part of a ReadProcessMemory or WriteProcessMemory request was completed. (0x12B)
[0520/150237.629:ERROR:process_memory_win.cc(73)] ReadMemory at 0x2f2d9c630b0 of 132 bytes failed: Only part of a ReadProcessMemory or WriteProcessMemory request was completed. (0x12B)
[0520/150237.629:ERROR:process_memory_win.cc(73)] ReadMemory at 0x2f2d9c63240 of 132 bytes failed: Only part of a ReadProcessMemory or WriteProcessMemory request was completed. (0x12B)
[0520/150237.629:ERROR:process_memory_win.cc(73)] ReadMemory at 0x2f2d9c63400 of 126 bytes failed: Only part of a ReadProcessMemory or WriteProcessMemory request was completed. (0x12B)
[0520/150237.629:ERROR:process_memory_win.cc(73)] ReadMemory at 0x2f2d9c637e0 of 132 bytes failed: Only part of a ReadProcessMemory or WriteProcessMemory request was completed. (0x12B)
[0520/150237.629:ERROR:process_memory_win.cc(73)] ReadMemory at 0x2f2d9c63970 of 64 bytes failed: Only part of a ReadProcessMemory or WriteProcessMemory request was completed. (0x12B)
[0520/150237.629:ERROR:process_memory_win.cc(73)] ReadMemory at 0x2f2d9c639c0 of 132 bytes failed: Only part of a ReadProcessMemory or WriteProcessMemory request was completed. (0x12B)
[0520/150237.629:ERROR:process_memory_win.cc(73)] ReadMemory at 0x2f2d9c63b30 of 132 bytes failed: Only part of a ReadProcessMemory or WriteProcessMemory request was completed. (0x12B)
[0520/150237.629:ERROR:process_memory_win.cc(73)] ReadMemory at 0x2f2d9c63dd0 of 132 bytes failed: Only part of a ReadProcessMemory or WriteProcessMemory request was completed. (0x12B)
[0520/150237.629:ERROR:process_memory_win.cc(73)] ReadMemory at 0x2f2d9c63f60 of 68 bytes failed: Only part of a ReadProcessMemory or WriteProcessMemory request was completed. (0x12B)
[0520/150237.630:ERROR:process_memory_win.cc(73)] ReadMemory at 0x2f2d9c64fd0 of 132 bytes failed: Only part of a ReadProcessMemory or WriteProcessMemory request was completed. (0x12B)
[0520/150237.630:ERROR:process_memory_win.cc(73)] ReadMemory at 0x2f2d9c65160 of 154 bytes failed: Only part of a ReadProcessMemory or WriteProcessMemory request was completed. (0x12B)
[0520/150237.630:ERROR:process_memory_win.cc(73)] ReadMemory at 0x2f2d9c66b90 of 60 bytes failed: Only part of a ReadProcessMemory or WriteProcessMemory request was completed. (0x12B)
[0520/150237.630:ERROR:process_memory_win.cc(73)] ReadMemory at 0x2f2d9c66c40 of 62 bytes failed: Only part of a ReadProcessMemory or WriteProcessMemory request was completed. (0x12B)
[0520/150237.630:ERROR:process_memory_win.cc(73)] ReadMemory at 0x2f2d9c66c90 of 146 bytes failed: Only part of a ReadProcessMemory or WriteProcessMemory request was completed. (0x12B)
[0520/150237.630:ERROR:process_memory_win.cc(73)] ReadMemory at 0x2f2d9c66e30 of 132 bytes failed: Only part of a ReadProcessMemory or WriteProcessMemory request was completed. (0x12B)
[0520/150237.630:ERROR:process_memory_win.cc(73)] ReadMemory at 0x2f2d9c6784c of 512 bytes failed: Only part of a ReadProcessMemory or WriteProcessMemory request was completed. (0x12B)
[0520/150237.630:ERROR:process_memory_win.cc(73)] ReadMemory at 0x2f2d9c683b0 of 132 bytes failed: Only part of a ReadProcessMemory or WriteProcessMemory request was completed. (0x12B)
[0520/150237.630:ERROR:process_memory_win.cc(73)] ReadMemory at 0x2f2d9c6b4b0 of 132 bytes failed: Only part of a ReadProcessMemory or WriteProcessMemory request was completed. (0x12B)
[0520/150237.631:ERROR:process_memory_win.cc(73)] ReadMemory at 0x2f2d9c6b640 of 80 bytes failed: Only part of a ReadProcessMemory or WriteProcessMemory request was completed. (0x12B)
[0520/150237.631:ERROR:process_memory_win.cc(73)] ReadMemory at 0x2f2d9c6b760 of 60 bytes failed: Only part of a ReadProcessMemory or WriteProcessMemory request was completed. (0x12B)
[0520/150237.631:ERROR:process_memory_win.cc(73)] ReadMemory at 0x2f2d9c6b800 of 62 bytes failed: Only part of a ReadProcessMemory or WriteProcessMemory request was completed. (0x12B)
[0520/150237.631:ERROR:process_memory_win.cc(73)] ReadMemory at 0x2f2d9c6b9e0 of 60 bytes failed: Only part of a ReadProcessMemory or WriteProcessMemory request was completed. (0x12B)
[0520/150237.631:ERROR:process_memory_win.cc(73)] ReadMemory at 0x2f2d9c6ba30 of 64 bytes failed: Only part of a ReadProcessMemory or WriteProcessMemory request was completed. (0x12B)
[0520/150237.631:ERROR:process_memory_win.cc(73)] ReadMemory at 0x2f2d9c6ba80 of 66 bytes failed: Only part of a ReadProcessMemory or WriteProcessMemory request was completed. (0x12B)
[0520/150237.631:ERROR:process_memory_win.cc(73)] ReadMemory at 0x2f2d9c6bad0 of 64 bytes failed: Only part of a ReadProcessMemory or WriteProcessMemory request was completed. (0x12B)
[0520/150237.631:ERROR:process_memory_win.cc(73)] ReadMemory at 0x2f2d9c6bb20 of 62 bytes failed: Only part of a ReadProcessMemory or WriteProcessMemory request was completed. (0x12B)
[0520/150237.631:ERROR:process_memory_win.cc(73)] ReadMemory at 0x2f2d9c6bb70 of 64 bytes failed: Only part of a ReadProcessMemory or WriteProcessMemory request was completed. (0x12B)
[0520/150237.632:ERROR:process_memory_win.cc(73)] ReadMemory at 0x2f2d9c6be90 of 64 bytes failed: Only part of a ReadProcessMemory or WriteProcessMemory request was completed. (0x12B)
[0520/150237.632:ERROR:process_memory_win.cc(73)] ReadMemory at 0x2f2d9c6e940 of 54 bytes failed: Only part of a ReadProcessMemory or WriteProcessMemory request was completed. (0x12B)
[0520/150237.632:ERROR:process_memory_win.cc(73)] ReadMemory at 0x2f2d9c6f6e0 of 132 bytes failed: Only part of a ReadProcessMemory or WriteProcessMemory request was completed. (0x12B)
[0520/150237.632:ERROR:process_memory_win.cc(73)] ReadMemory at 0x2f2d9c6f810 of 132 bytes failed: Only part of a ReadProcessMemory or WriteProcessMemory request was completed. (0x12B)
[0520/150237.632:ERROR:process_memory_win.cc(73)] ReadMemory at 0x2f2d9c6fff0 of 132 bytes failed: Only part of a ReadProcessMemory or WriteProcessMemory request was completed. (0x12B)
[0520/150237.632:ERROR:process_memory_win.cc(73)] ReadMemory at 0x2f2d9c706e0 of 132 bytes failed: Only part of a ReadProcessMemory or WriteProcessMemory request was completed. (0x12B)
[0520/150237.632:ERROR:process_memory_win.cc(73)] ReadMemory at 0x2f2d9c70a40 of 132 bytes failed: Only part of a ReadProcessMemory or WriteProcessMemory request was completed. (0x12B)
[0520/150237.632:ERROR:process_memory_win.cc(73)] ReadMemory at 0x2f2d9c70eb0 of 132 bytes failed: Only part of a ReadProcessMemory or WriteProcessMemory request was completed. (0x12B)
[0520/150237.632:ERROR:process_memory_win.cc(73)] ReadMemory at 0x2f2d9c74e10 of 132 bytes failed: Only part of a ReadProcessMemory or WriteProcessMemory request was completed. (0x12B)
[0520/150237.633:ERROR:process_memory_win.cc(73)] ReadMemory at 0x2f2d9c74ff0 of 132 bytes failed: Only part of a ReadProcessMemory or WriteProcessMemory request was completed. (0x12B)
[0520/150237.633:ERROR:process_memory_win.cc(73)] ReadMemory at 0x2f2d9c75120 of 132 bytes failed: Only part of a ReadProcessMemory or WriteProcessMemory request was completed. (0x12B)
[0520/150237.633:ERROR:process_memory_win.cc(73)] ReadMemory at 0x2f2d9c75250 of 132 bytes failed: Only part of a ReadProcessMemory or WriteProcessMemory request was completed. (0x12B)
[0520/150237.633:ERROR:process_memory_win.cc(73)] ReadMemory at 0x2f2d9c75380 of 132 bytes failed: Only part of a ReadProcessMemory or WriteProcessMemory request was completed. (0x12B)
[0520/150237.633:ERROR:process_memory_win.cc(73)] ReadMemory at 0x2f2d9c754b0 of 132 bytes failed: Only part of a ReadProcessMemory or WriteProcessMemory request was completed. (0x12B)
[0520/150237.633:ERROR:process_memory_win.cc(73)] ReadMemory at 0x2f2d9c755e0 of 132 bytes failed: Only part of a ReadProcessMemory or WriteProcessMemory request was completed. (0x12B)
[0520/150237.633:ERROR:process_memory_win.cc(73)] ReadMemory at 0x2f2d9c75710 of 132 bytes failed: Only part of a ReadProcessMemory or WriteProcessMemory request was completed. (0x12B)
[0520/150237.633:ERROR:process_memory_win.cc(73)] ReadMemory at 0x2f2d9c75840 of 132 bytes failed: Only part of a ReadProcessMemory or WriteProcessMemory request was completed. (0x12B)
[0520/150237.633:ERROR:process_memory_win.cc(73)] ReadMemory at 0x2f2d9c75970 of 132 bytes failed: Only part of a ReadProcessMemory or WriteProcessMemory request was completed. (0x12B)
[0520/150237.634:ERROR:process_memory_win.cc(73)] ReadMemory at 0x2f2d9c75aa0 of 132 bytes failed: Only part of a ReadProcessMemory or WriteProcessMemory request was completed. (0x12B)
[0520/150237.634:ERROR:process_memory_win.cc(73)] ReadMemory at 0x2f2d9c75d00 of 132 bytes failed: Only part of a ReadProcessMemory or WriteProcessMemory request was completed. (0x12B)
[0520/150237.634:ERROR:process_memory_win.cc(73)] ReadMemory at 0x2f2d9c75e30 of 132 bytes failed: Only part of a ReadProcessMemory or WriteProcessMemory request was completed. (0x12B)
[0520/150237.634:ERROR:process_memory_win.cc(73)] ReadMemory at 0x2f2d9c76000 of 60 bytes failed: Only part of a ReadProcessMemory or WriteProcessMemory request was completed. (0x12B)
[0520/150237.634:ERROR:process_memory_win.cc(73)] ReadMemory at 0x2f2d9c760a0 of 60 bytes failed: Only part of a ReadProcessMemory or WriteProcessMemory request was completed. (0x12B)
[0520/150237.634:ERROR:process_memory_win.cc(73)] ReadMemory at 0x2f2d9c76230 of 58 bytes failed: Only part of a ReadProcessMemory or WriteProcessMemory request was completed. (0x12B)
[0520/150237.634:ERROR:process_memory_win.cc(73)] ReadMemory at 0x2f2d9c76370 of 64 bytes failed: Only part of a ReadProcessMemory or WriteProcessMemory request was completed. (0x12B)
[0520/150237.634:ERROR:process_memory_win.cc(73)] ReadMemory at 0x2f2d9c76500 of 62 bytes failed: Only part of a ReadProcessMemory or WriteProcessMemory request was completed. (0x12B)
[0520/150237.635:ERROR:process_memory_win.cc(73)] ReadMemory at 0x2f2d9c76550 of 66 bytes failed: Only part of a ReadProcessMemory or WriteProcessMemory request was completed. (0x12B)
[0520/150237.635:ERROR:process_memory_win.cc(73)] ReadMemory at 0x2f2d9c76870 of 62 bytes failed: Only part of a ReadProcessMemory or WriteProcessMemory request was completed. (0x12B)
[0520/150237.635:ERROR:process_memory_win.cc(73)] ReadMemory at 0x2f2d9c768c0 of 64 bytes failed: Only part of a ReadProcessMemory or WriteProcessMemory request was completed. (0x12B)
[0520/150237.635:ERROR:process_memory_win.cc(73)] ReadMemory at 0x2f2d9c76960 of 62 bytes failed: Only part of a ReadProcessMemory or WriteProcessMemory request was completed. (0x12B)
[0520/150237.635:ERROR:process_memory_win.cc(73)] ReadMemory at 0x2f2d9c76a50 of 64 bytes failed: Only part of a ReadProcessMemory or WriteProcessMemory request was completed. (0x12B)
[0520/150237.635:ERROR:process_memory_win.cc(73)] ReadMemory at 0x2f2d9c76aa0 of 62 bytes failed: Only part of a ReadProcessMemory or WriteProcessMemory request was completed. (0x12B)
[0520/150237.635:ERROR:process_memory_win.cc(73)] ReadMemory at 0x2f2d9c76af0 of 62 bytes failed: Only part of a ReadProcessMemory or WriteProcessMemory request was completed. (0x12B)
[0520/150237.635:ERROR:process_memory_win.cc(73)] ReadMemory at 0x2f2d9c76b40 of 62 bytes failed: Only part of a ReadProcessMemory or WriteProcessMemory request was completed. (0x12B)
[0520/150237.635:ERROR:process_memory_win.cc(73)] ReadMemory at 0x2f2d9c76be0 of 62 bytes failed: Only part of a ReadProcessMemory or WriteProcessMemory request was completed. (0x12B)
[0520/150237.636:ERROR:process_memory_win.cc(73)] ReadMemory at 0x2f2d9c76dc0 of 68 bytes failed: Only part of a ReadProcessMemory or WriteProcessMemory request was completed. (0x12B)
[0520/150237.636:ERROR:process_memory_win.cc(73)] ReadMemory at 0x2f2d9c76e10 of 64 bytes failed: Only part of a ReadProcessMemory or WriteProcessMemory request was completed. (0x12B)
[0520/150237.636:ERROR:process_memory_win.cc(73)] ReadMemory at 0x2f2d9c76e60 of 60 bytes failed: Only part of a ReadProcessMemory or WriteProcessMemory request was completed. (0x12B)
[0520/150237.636:ERROR:process_memory_win.cc(73)] ReadMemory at 0x2f2d9c76eb0 of 60 bytes failed: Only part of a ReadProcessMemory or WriteProcessMemory request was completed. (0x12B)
[0520/150237.636:ERROR:process_memory_win.cc(73)] ReadMemory at 0x2f2d9c76f50 of 62 bytes failed: Only part of a ReadProcessMemory or WriteProcessMemory request was completed. (0x12B)
[0520/150237.636:ERROR:process_memory_win.cc(73)] ReadMemory at 0x2f2d9c77260 of 78 bytes failed: Only part of a ReadProcessMemory or WriteProcessMemory request was completed. (0x12B)
[0520/150237.636:ERROR:process_memory_win.cc(73)] ReadMemory at 0x2f2d9c77380 of 80 bytes failed: Only part of a ReadProcessMemory or WriteProcessMemory request was completed. (0x12B)
[0520/150237.636:ERROR:process_memory_win.cc(73)] ReadMemory at 0x2f2d9c779e0 of 76 bytes failed: Only part of a ReadProcessMemory or WriteProcessMemory request was completed. (0x12B)
[0520/150237.636:ERROR:process_memory_win.cc(73)] ReadMemory at 0x2f2d9c78030 of 132 bytes failed: Only part of a ReadProcessMemory or WriteProcessMemory request was completed. (0x12B)
[0520/150237.636:ERROR:process_memory_win.cc(73)] ReadMemory at 0x2f2d9c78160 of 132 bytes failed: Only part of a ReadProcessMemory or WriteProcessMemory request was completed. (0x12B)
[0520/150237.637:ERROR:process_memory_win.cc(73)] ReadMemory at 0x2f2d9c78290 of 132 bytes failed: Only part of a ReadProcessMemory or WriteProcessMemory request was completed. (0x12B)
[0520/150237.637:ERROR:process_memory_win.cc(73)] ReadMemory at 0x2f2d9c783c0 of 132 bytes failed: Only part of a ReadProcessMemory or WriteProcessMemory request was completed. (0x12B)
[0520/150237.637:ERROR:process_memory_win.cc(73)] ReadMemory at 0x2f2d9c784f0 of 132 bytes failed: Only part of a ReadProcessMemory or WriteProcessMemory request was completed. (0x12B)
[0520/150237.637:ERROR:process_memory_win.cc(73)] ReadMemory at 0x2f2d9c78620 of 132 bytes failed: Only part of a ReadProcessMemory or WriteProcessMemory request was completed. (0x12B)
[0520/150237.637:ERROR:process_memory_win.cc(73)] ReadMemory at 0x2f2d9c78750 of 132 bytes failed: Only part of a ReadProcessMemory or WriteProcessMemory request was completed. (0x12B)
[0520/150237.637:ERROR:process_memory_win.cc(73)] ReadMemory at 0x2f2d9c78880 of 132 bytes failed: Only part of a ReadProcessMemory or WriteProcessMemory request was completed. (0x12B)
[0520/150237.637:ERROR:process_memory_win.cc(73)] ReadMemory at 0x2f2d9c789b0 of 132 bytes failed: Only part of a ReadProcessMemory or WriteProcessMemory request was completed. (0x12B)
[0520/150237.637:ERROR:process_memory_win.cc(73)] ReadMemory at 0x2f2d9c78ae0 of 132 bytes failed: Only part of a ReadProcessMemory or WriteProcessMemory request was completed. (0x12B)
[0520/150237.638:ERROR:process_memory_win.cc(73)] ReadMemory at 0x2f2d9c78c10 of 132 bytes failed: Only part of a ReadProcessMemory or WriteProcessMemory request was completed. (0x12B)
[0520/150237.638:ERROR:process_memory_win.cc(73)] ReadMemory at 0x2f2d9c790d0 of 132 bytes failed: Only part of a ReadProcessMemory or WriteProcessMemory request was completed. (0x12B)
[0520/150237.638:ERROR:process_memory_win.cc(73)] ReadMemory at 0x2f2d9c79200 of 132 bytes failed: Only part of a ReadProcessMemory or WriteProcessMemory request was completed. (0x12B)
[0520/150237.638:ERROR:process_memory_win.cc(73)] ReadMemory at 0x2f2d9c79460 of 132 bytes failed: Only part of a ReadProcessMemory or WriteProcessMemory request was completed. (0x12B)
[0520/150237.638:ERROR:process_memory_win.cc(73)] ReadMemory at 0x2f2d9c79590 of 132 bytes failed: Only part of a ReadProcessMemory or WriteProcessMemory request was completed. (0x12B)
[0520/150237.638:ERROR:process_memory_win.cc(73)] ReadMemory at 0x2f2d9c796c0 of 132 bytes failed: Only part of a ReadProcessMemory or WriteProcessMemory request was completed. (0x12B)
[0520/150237.638:ERROR:process_memory_win.cc(73)] ReadMemory at 0x2f2d9c797f0 of 132 bytes failed: Only part of a ReadProcessMemory or WriteProcessMemory request was completed. (0x12B)
[0520/150237.638:ERROR:process_memory_win.cc(73)] ReadMemory at 0x2f2d9c79920 of 132 bytes failed: Only part of a ReadProcessMemory or WriteProcessMemory request was completed. (0x12B)
[0520/150237.639:ERROR:process_memory_win.cc(73)] ReadMemory at 0x2f2d9c79a50 of 132 bytes failed: Only part of a ReadProcessMemory or WriteProcessMemory request was completed. (0x12B)
[0520/150237.639:ERROR:process_memory_win.cc(73)] ReadMemory at 0x2f2d9c79b80 of 132 bytes failed: Only part of a ReadProcessMemory or WriteProcessMemory request was completed. (0x12B)
[0520/150237.639:ERROR:process_memory_win.cc(73)] ReadMemory at 0x2f2d9c79de0 of 132 bytes failed: Only part of a ReadProcessMemory or WriteProcessMemory request was completed. (0x12B)
[0520/150237.639:ERROR:process_memory_win.cc(73)] ReadMemory at 0x2f2d9c85d40 of 62 bytes failed: Only part of a ReadProcessMemory or WriteProcessMemory request was completed. (0x12B)
[0520/150237.640:ERROR:process_memory_win.cc(73)] ReadMemory at 0x2f2d9c85d90 of 62 bytes failed: Only part of a ReadProcessMemory or WriteProcessMemory request was completed. (0x12B)
[0520/150237.640:ERROR:process_memory_win.cc(73)] ReadMemory at 0x2f2d9c85ed0 of 58 bytes failed: Only part of a ReadProcessMemory or WriteProcessMemory request was completed. (0x12B)
[0520/150237.640:ERROR:process_memory_win.cc(73)] ReadMemory at 0x2f2d9c86100 of 66 bytes failed: Only part of a ReadProcessMemory or WriteProcessMemory request was completed. (0x12B)
[0520/150237.641:ERROR:process_memory_win.cc(73)] ReadMemory at 0x2f2d9c863d0 of 60 bytes failed: Only part of a ReadProcessMemory or WriteProcessMemory request was completed. (0x12B)
[0520/150237.641:ERROR:process_memory_win.cc(73)] ReadMemory at 0x2f2d9c86600 of 64 bytes failed: Only part of a ReadProcessMemory or WriteProcessMemory request was completed. (0x12B)
[0520/150237.641:ERROR:process_memory_win.cc(73)] ReadMemory at 0x2f2d9c86650 of 60 bytes failed: Only part of a ReadProcessMemory or WriteProcessMemory request was completed. (0x12B)
[0520/150237.641:ERROR:process_memory_win.cc(73)] ReadMemory at 0x2f2d9c866a0 of 62 bytes failed: Only part of a ReadProcessMemory or WriteProcessMemory request was completed. (0x12B)
[0520/150237.641:ERROR:process_memory_win.cc(73)] ReadMemory at 0x2f2d9c866f0 of 58 bytes failed: Only part of a ReadProcessMemory or WriteProcessMemory request was completed. (0x12B)
[0520/150237.642:ERROR:process_memory_win.cc(73)] ReadMemory at 0x2f2d9c94110 of 512 bytes failed: Only part of a ReadProcessMemory or WriteProcessMemory request was completed. (0x12B)
[0520/150237.642:ERROR:process_memory_win.cc(73)] ReadMemory at 0x2f2d9c9a400 of 512 bytes failed: Only part of a ReadProcessMemory or WriteProcessMemory request was completed. (0x12B)
[0520/150237.642:ERROR:process_memory_win.cc(73)] ReadMemory at 0x2f2d9f92080 of 512 bytes failed: Only part of a ReadProcessMemory or WriteProcessMemory request was completed. (0x12B)
[0520/150237.642:ERROR:process_memory_win.cc(73)] ReadMemory at 0x2f2da4122b0 of 512 bytes failed: Only part of a ReadProcessMemory or WriteProcessMemory request was completed. (0x12B)
[0520/150237.643:ERROR:process_memory_win.cc(73)] ReadMemory at 0x2f2da41e350 of 688 bytes failed: Only part of a ReadProcessMemory or WriteProcessMemory request was completed. (0x12B)
[0520/150237.643:ERROR:process_memory_win.cc(73)] ReadMemory at 0x2f2da4214f0 of 512 bytes failed: Only part of a ReadProcessMemory or WriteProcessMemory request was completed. (0x12B)
[0520/150237.643:ERROR:process_memory_win.cc(73)] ReadMemory at 0x2f2da4229c0 of 512 bytes failed: Only part of a ReadProcessMemory or WriteProcessMemory request was completed. (0x12B)
[0520/150237.643:ERROR:process_memory_win.cc(73)] ReadMemory at 0x2f2da422f90 of 960 bytes failed: Only part of a ReadProcessMemory or WriteProcessMemory request was completed. (0x12B)
[0520/150237.643:ERROR:process_memory_win.cc(73)] ReadMemory at 0x2f2dbd00000 of 384 bytes failed: Only part of a ReadProcessMemory or WriteProcessMemory request was completed. (0x12B)
[0520/150237.644:ERROR:process_memory_win.cc(73)] ReadMemory at 0x2f2dbd37260 of 512 bytes failed: Only part of a ReadProcessMemory or WriteProcessMemory request was completed. (0x12B)
[0520/150237.644:ERROR:process_memory_win.cc(73)] ReadMemory at 0x2f2dbd516b0 of 512 bytes failed: Only part of a ReadProcessMemory or WriteProcessMemory request was completed. (0x12B)
[0520/150237.644:ERROR:process_memory_win.cc(73)] ReadMemory at 0x2f2dbde2500 of 752 bytes failed: Only part of a ReadProcessMemory or WriteProcessMemory request was completed. (0x12B)
[0520/150237.644:ERROR:process_memory_win.cc(73)] ReadMemory at 0x2f2dbe03c10 of 608 bytes failed: Only part of a ReadProcessMemory or WriteProcessMemory request was completed. (0x12B)
[0520/150237.644:ERROR:process_memory_win.cc(73)] ReadMemory at 0x2f2dbe26188 of 512 bytes failed: Only part of a ReadProcessMemory or WriteProcessMemory request was completed. (0x12B)
[0520/150237.644:ERROR:process_memory_win.cc(73)] ReadMemory at 0x2f2dbe2c8d0 of 784 bytes failed: Only part of a ReadProcessMemory or WriteProcessMemory request was completed. (0x12B)
[0520/150237.644:ERROR:process_memory_win.cc(73)] ReadMemory at 0x2f2dbe36210 of 512 bytes failed: Only part of a ReadProcessMemory or WriteProcessMemory request was completed. (0x12B)
[0520/150237.644:ERROR:process_memory_win.cc(73)] ReadMemory at 0x7ff81f2dff10 of 512 bytes failed: Only part of a ReadProcessMemory or WriteProcessMemory request was completed. (0x12B)
[0520/150237.644:ERROR:process_memory_win.cc(73)] ReadMemory at 0x7ff81f2fa1d0 of 512 bytes failed: Only part of a ReadProcessMemory or WriteProcessMemory request was completed. (0x12B)
[0520/150237.645:ERROR:process_memory_win.cc(73)] ReadMemory at 0x7ff81f32f764 of 832 bytes failed: Only part of a ReadProcessMemory or WriteProcessMemory request was completed. (0x12B)
[0520/150237.645:ERROR:process_memory_win.cc(73)] ReadMemory at 0x7ff81f332ff4 of 608 bytes failed: Only part of a ReadProcessMemory or WriteProcessMemory request was completed. (0x12B)
[0520/150237.645:ERROR:process_memory_win.cc(73)] ReadMemory at 0x7ff81f3bc0c8 of 18 bytes failed: Only part of a ReadProcessMemory or WriteProcessMemory request was completed. (0x12B)
[0520/150237.645:ERROR:process_memory_win.cc(73)] ReadMemory at 0x7ff81f3ef4f8 of 40 bytes failed: Only part of a ReadProcessMemory or WriteProcessMemory request was completed. (0x12B)
[0520/150237.645:ERROR:process_memory_win.cc(73)] ReadMemory at 0x7ff81f3ef978 of 48 bytes failed: Only part of a ReadProcessMemory or WriteProcessMemory request was completed. (0x12B)
[0520/150237.645:ERROR:process_memory_win.cc(73)] ReadMemory at 0x7ff81f3f53c0 of 64 bytes failed: Only part of a ReadProcessMemory or WriteProcessMemory request was completed. (0x12B)
[0520/150237.645:ERROR:process_memory_win.cc(73)] ReadMemory at 0x7fff9cff9690 of 652 bytes failed: Only part of a ReadProcessMemory or WriteProcessMemory request was completed. (0x12B)
[0520/150237.646:ERROR:process_memory_win.cc(73)] ReadMemory at 0x7fff9d6d47b0 of 553 bytes failed: Only part of a ReadProcessMemory or WriteProcessMemory request was completed. (0x12B)
[0520/150237.646:ERROR:process_memory_win.cc(73)] ReadMemory at 0x7fffd396ba3a of 512 bytes failed: Only part of a ReadProcessMemory or WriteProcessMemory request was completed. (0x12B)
[0520/150237.650:ERROR:scoped_process_suspend.cc(40)] NtResumeProcess: An attempt was made to access an exiting process. (0xc000010a)
